<?xml version="1.0" encoding="UTF-8"?>
<testng-results ignored="0" total="1" passed="1" failed="0" skipped="0">
  <reporter-output>
  </reporter-output>
  <suite started-at="2022-09-26T13:42:08 IST" name="Default suite" finished-at="2022-09-26T13:42:18 IST" duration-ms="10280">
    <groups>
    </groups>
    <test started-at="2022-09-26T13:42:08 IST" name="Default test" finished-at="2022-09-26T13:42:18 IST" duration-ms="10280">
      <class name="pack1.class1">
        <test-method is-config="true" signature="ConnectToDB()[pri:0, instance:pack1.class1@4b0d79fc]" started-at="2022-09-26T13:42:08 IST" name="ConnectToDB" finished-at="2022-09-26T13:42:08 IST" duration-ms="4" status="PASS">
          <reporter-output>
          </reporter-output>
        </test-method> <!-- ConnectToDB -->
        <test-method is-config="true" signature="lauchBrowser()[pri:0, instance:pack1.class1@4b0d79fc]" started-at="2022-09-26T13:42:08 IST" name="lauchBrowser" finished-at="2022-09-26T13:42:16 IST" duration-ms="8027" status="PASS">
          <reporter-output>
          </reporter-output>
        </test-method> <!-- lauchBrowser -->
        <test-method is-config="true" signature="LoginToApp()[pri:0, instance:pack1.class1@4b0d79fc]" started-at="2022-09-26T13:42:16 IST" name="LoginToApp" finished-at="2022-09-26T13:42:18 IST" duration-ms="2220" status="PASS">
          <reporter-output>
          </reporter-output>
        </test-method> <!-- LoginToApp -->
        <test-method signature="launch_browser()[pri:0, instance:pack1.class1@4b0d79fc]" started-at="2022-09-26T13:42:18 IST" name="launch_browser" finished-at="2022-09-26T13:42:18 IST" duration-ms="11" status="PASS">
          <reporter-output>
          </reporter-output>
        </test-method> <!-- launch_browser -->
        <test-method is-config="true" signature="Logout()[pri:0, instance:pack1.class1@4b0d79fc]" started-at="2022-09-26T13:42:18 IST" name="Logout" finished-at="2022-09-26T13:42:18 IST" duration-ms="1" status="PASS">
          <reporter-output>
          </reporter-output>
        </test-method> <!-- Logout -->
        <test-method is-config="true" signature="close_Browser()[pri:0, instance:pack1.class1@4b0d79fc]" started-at="2022-09-26T13:42:18 IST" name="close_Browser" finished-at="2022-09-26T13:42:18 IST" duration-ms="1" status="PASS">
          <reporter-output>
          </reporter-output>
        </test-method> <!-- close_Browser -->
        <test-method is-config="true" signature="DiscoonecToDB()[pri:0, instance:pack1.class1@4b0d79fc]" started-at="2022-09-26T13:42:18 IST" name="DiscoonecToDB" finished-at="2022-09-26T13:42:18 IST" duration-ms="0" status="PASS">
          <reporter-output>
          </reporter-output>
        </test-method> <!-- DiscoonecToDB -->
      </class> <!-- pack1.class1 -->
    </test> <!-- Default test -->
  </suite> <!-- Default suite -->
</testng-results>
